This is pdfTeX, Version 3.14159265-2.6-1.40.20 (TeX Live 2019/Arch Linux) (preloaded format=pdflatex 2019.9.10)  27 SEP 2019 22:03
entering extended mode
 restricted \write18 enabled.
 file:line:error style messages enabled.
 %&-line parsing enabled.
**00_master.tex
(./00_master.tex
LaTeX2e <2018-12-01>
\@input{preamble/packages.aux}
./00_master.tex:23: I can't write on file `preamble/packages.aux'.
\@include ...\immediate \openout \@partaux #1.aux 
                                                  \immediate \write \@partau...
l.23 \include{preamble/packages}
                                
(Press Enter to retry, or Control-D to exit; default file extension is `.tex')
Please type another output file name
./00_master.tex:23: Emergency stop.
\@include ...\immediate \openout \@partaux #1.aux 
                                                  \immediate \write \@partau...
l.23 \include{preamble/packages}
                                
*** (job aborted, file error in nonstop mode)

 
Here is how much of TeX's memory you used:
 8 strings out of 492623
 249 string characters out of 6135669
 57016 words of memory out of 5000000
 4018 multiletter control sequences out of 15000+600000
 3640 words of font info for 14 fonts, out of 8000000 for 9000
 1141 hyphenation exceptions out of 8191
 9i,0n,4p,88b,14s stack positions out of 5000i,500n,10000p,200000b,80000s
./00_master.tex:23:  ==> Fatal error occurred, no output PDF file produced!
